<?xml version="1.0" encoding="UTF-8"?>
<testsuite xmlns:xsi="http://www.w3.org/2001/XMLSchema-instance" xsi:noNamespaceSchemaLocation="https://maven.apache.org/surefire/maven-surefire-plugin/xsd/surefire-test-report.xsd" name="com.sample.service.EmployeeServiceImplTest" time="0.579" tests="2" errors="0" skipped="0" failures="0">
  <properties>
    <property name="java.specification.version" value="21"/>
    <property name="sun.jnu.encoding" value="UTF-8"/>
    <property name="java.class.path" value="/home/bonny/AWS/Spring3Hibernate_App/target/test-classes:/home/bonny/AWS/Spring3Hibernate_App/target/classes:/home/bonny/.m2/repository/org/mockito/mockito-inline/5.2.0/mockito-inline-5.2.0.jar:/home/bonny/.m2/repository/org/mockito/mockito-core/5.2.0/mockito-core-5.2.0.jar:/home/bonny/.m2/repository/net/bytebuddy/byte-buddy/1.14.1/byte-buddy-1.14.1.jar:/home/bonny/.m2/repository/net/bytebuddy/byte-buddy-agent/1.14.1/byte-buddy-agent-1.14.1.jar:/home/bonny/.m2/repository/org/objenesis/objenesis/3.3/objenesis-3.3.jar:/home/bonny/.m2/repository/javax/activation/activation/1.1/activation-1.1.jar:/home/bonny/.m2/repository/antlr/antlr/2.7.6/antlr-2.7.6.jar:/home/bonny/.m2/repository/aopalliance/aopalliance/1.0/aopalliance-1.0.jar:/home/bonny/.m2/repository/asm/asm/1.5.3/asm-1.5.3.jar:/home/bonny/.m2/repository/asm/asm-attrs/1.5.3/asm-attrs-1.5.3.jar:/home/bonny/.m2/repository/cglib/cglib/2.1_3/cglib-2.1_3.jar:/home/bonny/.m2/repository/commons-beanutils/commons-beanutils/1.7.0/commons-beanutils-1.7.0.jar:/home/bonny/.m2/repository/commons-io/commons-io/1.1/commons-io-1.1.jar:/home/bonny/.m2/repository/commons-logging/commons-logging/1.1.1/commons-logging-1.1.1.jar:/home/bonny/.m2/repository/commons-lang/commons-lang/2.5/commons-lang-2.5.jar:/home/bonny/.m2/repository/commons-collections/commons-collections/2.1.1/commons-collections-2.1.1.jar:/home/bonny/.m2/repository/commons-fileupload/commons-fileupload/1.1.1/commons-fileupload-1.1.1.jar:/home/bonny/.m2/repository/org/apache/commons/commons-email/1.1/commons-email-1.1.jar:/home/bonny/.m2/repository/commons-digester/commons-digester/1.8/commons-digester-1.8.jar:/home/bonny/.m2/repository/dom4j/dom4j/1.6.1/dom4j-1.6.1.jar:/home/bonny/.m2/repository/dumbster/dumbster/1.6/dumbster-1.6.jar:/home/bonny/.m2/repository/net/sf/ehcache/ehcache/1.2.3/ehcache-1.2.3.jar:/home/bonny/.m2/repository/com/ibm/icu/icu4j/2.6.1/icu4j-2.6.1.jar:/home/bonny/.m2/repository/javassist/javassist/3.4.GA/javassist-3.4.GA.jar:/home/bonny/.m2/repository/javax/xml/bind/jaxb-api/2.1/jaxb-api-2.1.jar:/home/bonny/.m2/repository/javax/xml/jaxb-impl/2.1/jaxb-impl-2.1.jar:/home/bonny/.m2/repository/jaxen/jaxen/1.1.1/jaxen-1.1.1.jar:/home/bonny/.m2/repository/jdom/jdom/1.0/jdom-1.0.jar:/home/bonny/.m2/repository/javax/transaction/jta/1.1/jta-1.1.jar:/home/bonny/.m2/repository/jstl/jstl/1.2/jstl-1.2.jar:/home/bonny/.m2/repository/log4j/log4j/1.2.14/log4j-1.2.14.jar:/home/bonny/.m2/repository/org/apache/lucene/lucene-core/2.3.2/lucene-core-2.3.2.jar:/home/bonny/.m2/repository/org/apache/lucene/lucene-highlighter/2.0.0/lucene-highlighter-2.0.0.jar:/home/bonny/.m2/repository/javax/mail/mail/1.4/mail-1.4.jar:/home/bonny/.m2/repository/org/slf4j/slf4j-api/1.5.6/slf4j-api-1.5.6.jar:/home/bonny/.m2/repository/mysql/mysql-connector-java/5.0.5/mysql-connector-java-5.0.5.jar:/home/bonny/.m2/repository/org/slf4j/slf4j-log4j12/1.5.6/slf4j-log4j12-1.5.6.jar:/home/bonny/.m2/repository/javax/persistence/persistence-api/1.0/persistence-api-1.0.jar:/home/bonny/.m2/repository/quartz/quartz/1.5.2/quartz-1.5.2.jar:/home/bonny/.m2/repository/javax/xml/stream/stax-api/1.0-2/stax-api-1.0-2.jar:/home/bonny/.m2/repository/javax/validation/validation-api/1.0.0.GA/validation-api-1.0.0.GA.jar:/home/bonny/.m2/repository/xalan/xalan/2.6.0/xalan-2.6.0.jar:/home/bonny/.m2/repository/xerces/xercesImpl/2.6.2/xercesImpl-2.6.2.jar:/home/bonny/.m2/repository/xml-apis/xml-apis/1.3.02/xml-apis-1.3.02.jar:/home/bonny/.m2/repository/xerces/xmlParserAPIs/2.6.2/xmlParserAPIs-2.6.2.jar:/home/bonny/.m2/repository/xom/xom/1.0/xom-1.0.jar:/home/bonny/.m2/repository/javax/servlet/javax.servlet-api/3.1.0/javax.servlet-api-3.1.0.jar:/home/bonny/.m2/repository/org/hibernate/hibernate-annotations/3.3.1.GA/hibernate-annotations-3.3.1.GA.jar:/home/bonny/.m2/repository/org/hibernate/hibernate-commons-annotations/3.0.0.ga/hibernate-commons-annotations-3.0.0.ga.jar:/home/bonny/.m2/repository/org/hibernate/ejb3-persistence/1.0.1.GA/ejb3-persistence-1.0.1.GA.jar:/home/bonny/.m2/repository/org/hibernate/hibernate-entitymanager/3.3.2.GA/hibernate-entitymanager-3.3.2.GA.jar:/home/bonny/.m2/repository/org/hibernate/hibernate-validator/4.0.2.GA/hibernate-validator-4.0.2.GA.jar:/home/bonny/.m2/repository/com/sun/xml/bind/jaxb-impl/2.1.3/jaxb-impl-2.1.3.jar:/home/bonny/.m2/repository/org/hibernate/hibernate/3.2.6.ga/hibernate-3.2.6.ga.jar:/home/bonny/.m2/repository/org/hibernate/common/hibernate-commons-annotations/4.0.0.Final/hibernate-commons-annotations-4.0.0.Final.jar:/home/bonny/.m2/repository/org/jboss/logging/jboss-logging/3.1.0.CR1/jboss-logging-3.1.0.CR1.jar:/home/bonny/.m2/repository/org/hibernate/hibernate-search/3.0.0.GA/hibernate-search-3.0.0.GA.jar:/home/bonny/.m2/repository/org/springframework/spring-webmvc/3.0.1.RELEASE/spring-webmvc-3.0.1.RELEASE.jar:/home/bonny/.m2/repository/org/springframework/spring-web/3.0.1.RELEASE/spring-web-3.0.1.RELEASE.jar:/home/bonny/.m2/repository/org/springframework/spring-context/3.0.1.RELEASE/spring-context-3.0.1.RELEASE.jar:/home/bonny/.m2/repository/org/springframework/spring-core/3.0.1.RELEASE/spring-core-3.0.1.RELEASE.jar:/home/bonny/.m2/repository/org/springframework/spring-beans/3.0.1.RELEASE/spring-beans-3.0.1.RELEASE.jar:/home/bonny/.m2/repository/org/springframework/spring-aop/3.0.1.RELEASE/spring-aop-3.0.1.RELEASE.jar:/home/bonny/.m2/repository/org/springframework/spring-tx/3.0.1.RELEASE/spring-tx-3.0.1.RELEASE.jar:/home/bonny/.m2/repository/org/springframework/spring-orm/3.0.1.RELEASE/spring-orm-3.0.1.RELEASE.jar:/home/bonny/.m2/repository/org/springframework/spring-jdbc/3.0.1.RELEASE/spring-jdbc-3.0.1.RELEASE.jar:/home/bonny/.m2/repository/org/springframework/spring-expression/3.0.1.RELEASE/spring-expression-3.0.1.RELEASE.jar:/home/bonny/.m2/repository/org/springframework/spring-asm/3.0.1.RELEASE/spring-asm-3.0.1.RELEASE.jar:/home/bonny/.m2/repository/junit/junit/4.13.2/junit-4.13.2.jar:/home/bonny/.m2/repository/org/hamcrest/hamcrest-core/1.3/hamcrest-core-1.3.jar:/home/bonny/.m2/repository/org/openclover/clover/4.5.2/clover-4.5.2.jar:/tmp/grover11944148108710105810.jar:"/>
    <property name="java.vm.vendor" value="Ubuntu"/>
    <property name="sun.arch.data.model" value="64"/>
    <property name="java.vendor.url" value="https://ubuntu.com/"/>
    <property name="os.name" value="Linux"/>
    <property name="java.vm.specification.version" value="21"/>
    <property name="sun.java.launcher" value="SUN_STANDARD"/>
    <property name="user.country" value="US"/>
    <property name="sun.boot.library.path" value="/usr/lib/jvm/java-21-openjdk-amd64/lib"/>
    <property name="sun.java.command" value="/home/bonny/AWS/Spring3Hibernate_App/target/surefire/surefirebooter14190287673998050470.jar /home/bonny/AWS/Spring3Hibernate_App/target/surefire 2025-08-12T11-34-55_363-jvmRun1 surefire16672696470475437720tmp surefire_07542902791682387295tmp"/>
    <property name="jdk.debug" value="release"/>
    <property name="surefire.test.class.path" value="/home/bonny/AWS/Spring3Hibernate_App/target/test-classes:/home/bonny/AWS/Spring3Hibernate_App/target/classes:/home/bonny/.m2/repository/org/mockito/mockito-inline/5.2.0/mockito-inline-5.2.0.jar:/home/bonny/.m2/repository/org/mockito/mockito-core/5.2.0/mockito-core-5.2.0.jar:/home/bonny/.m2/repository/net/bytebuddy/byte-buddy/1.14.1/byte-buddy-1.14.1.jar:/home/bonny/.m2/repository/net/bytebuddy/byte-buddy-agent/1.14.1/byte-buddy-agent-1.14.1.jar:/home/bonny/.m2/repository/org/objenesis/objenesis/3.3/objenesis-3.3.jar:/home/bonny/.m2/repository/javax/activation/activation/1.1/activation-1.1.jar:/home/bonny/.m2/repository/antlr/antlr/2.7.6/antlr-2.7.6.jar:/home/bonny/.m2/repository/aopalliance/aopalliance/1.0/aopalliance-1.0.jar:/home/bonny/.m2/repository/asm/asm/1.5.3/asm-1.5.3.jar:/home/bonny/.m2/repository/asm/asm-attrs/1.5.3/asm-attrs-1.5.3.jar:/home/bonny/.m2/repository/cglib/cglib/2.1_3/cglib-2.1_3.jar:/home/bonny/.m2/repository/commons-beanutils/commons-beanutils/1.7.0/commons-beanutils-1.7.0.jar:/home/bonny/.m2/repository/commons-io/commons-io/1.1/commons-io-1.1.jar:/home/bonny/.m2/repository/commons-logging/commons-logging/1.1.1/commons-logging-1.1.1.jar:/home/bonny/.m2/repository/commons-lang/commons-lang/2.5/commons-lang-2.5.jar:/home/bonny/.m2/repository/commons-collections/commons-collections/2.1.1/commons-collections-2.1.1.jar:/home/bonny/.m2/repository/commons-fileupload/commons-fileupload/1.1.1/commons-fileupload-1.1.1.jar:/home/bonny/.m2/repository/org/apache/commons/commons-email/1.1/commons-email-1.1.jar:/home/bonny/.m2/repository/commons-digester/commons-digester/1.8/commons-digester-1.8.jar:/home/bonny/.m2/repository/dom4j/dom4j/1.6.1/dom4j-1.6.1.jar:/home/bonny/.m2/repository/dumbster/dumbster/1.6/dumbster-1.6.jar:/home/bonny/.m2/repository/net/sf/ehcache/ehcache/1.2.3/ehcache-1.2.3.jar:/home/bonny/.m2/repository/com/ibm/icu/icu4j/2.6.1/icu4j-2.6.1.jar:/home/bonny/.m2/repository/javassist/javassist/3.4.GA/javassist-3.4.GA.jar:/home/bonny/.m2/repository/javax/xml/bind/jaxb-api/2.1/jaxb-api-2.1.jar:/home/bonny/.m2/repository/javax/xml/jaxb-impl/2.1/jaxb-impl-2.1.jar:/home/bonny/.m2/repository/jaxen/jaxen/1.1.1/jaxen-1.1.1.jar:/home/bonny/.m2/repository/jdom/jdom/1.0/jdom-1.0.jar:/home/bonny/.m2/repository/javax/transaction/jta/1.1/jta-1.1.jar:/home/bonny/.m2/repository/jstl/jstl/1.2/jstl-1.2.jar:/home/bonny/.m2/repository/log4j/log4j/1.2.14/log4j-1.2.14.jar:/home/bonny/.m2/repository/org/apache/lucene/lucene-core/2.3.2/lucene-core-2.3.2.jar:/home/bonny/.m2/repository/org/apache/lucene/lucene-highlighter/2.0.0/lucene-highlighter-2.0.0.jar:/home/bonny/.m2/repository/javax/mail/mail/1.4/mail-1.4.jar:/home/bonny/.m2/repository/org/slf4j/slf4j-api/1.5.6/slf4j-api-1.5.6.jar:/home/bonny/.m2/repository/mysql/mysql-connector-java/5.0.5/mysql-connector-java-5.0.5.jar:/home/bonny/.m2/repository/org/slf4j/slf4j-log4j12/1.5.6/slf4j-log4j12-1.5.6.jar:/home/bonny/.m2/repository/javax/persistence/persistence-api/1.0/persistence-api-1.0.jar:/home/bonny/.m2/repository/quartz/quartz/1.5.2/quartz-1.5.2.jar:/home/bonny/.m2/repository/javax/xml/stream/stax-api/1.0-2/stax-api-1.0-2.jar:/home/bonny/.m2/repository/javax/validation/validation-api/1.0.0.GA/validation-api-1.0.0.GA.jar:/home/bonny/.m2/repository/xalan/xalan/2.6.0/xalan-2.6.0.jar:/home/bonny/.m2/repository/xerces/xercesImpl/2.6.2/xercesImpl-2.6.2.jar:/home/bonny/.m2/repository/xml-apis/xml-apis/1.3.02/xml-apis-1.3.02.jar:/home/bonny/.m2/repository/xerces/xmlParserAPIs/2.6.2/xmlParserAPIs-2.6.2.jar:/home/bonny/.m2/repository/xom/xom/1.0/xom-1.0.jar:/home/bonny/.m2/repository/javax/servlet/javax.servlet-api/3.1.0/javax.servlet-api-3.1.0.jar:/home/bonny/.m2/repository/org/hibernate/hibernate-annotations/3.3.1.GA/hibernate-annotations-3.3.1.GA.jar:/home/bonny/.m2/repository/org/hibernate/hibernate-commons-annotations/3.0.0.ga/hibernate-commons-annotations-3.0.0.ga.jar:/home/bonny/.m2/repository/org/hibernate/ejb3-persistence/1.0.1.GA/ejb3-persistence-1.0.1.GA.jar:/home/bonny/.m2/repository/org/hibernate/hibernate-entitymanager/3.3.2.GA/hibernate-entitymanager-3.3.2.GA.jar:/home/bonny/.m2/repository/org/hibernate/hibernate-validator/4.0.2.GA/hibernate-validator-4.0.2.GA.jar:/home/bonny/.m2/repository/com/sun/xml/bind/jaxb-impl/2.1.3/jaxb-impl-2.1.3.jar:/home/bonny/.m2/repository/org/hibernate/hibernate/3.2.6.ga/hibernate-3.2.6.ga.jar:/home/bonny/.m2/repository/org/hibernate/common/hibernate-commons-annotations/4.0.0.Final/hibernate-commons-annotations-4.0.0.Final.jar:/home/bonny/.m2/repository/org/jboss/logging/jboss-logging/3.1.0.CR1/jboss-logging-3.1.0.CR1.jar:/home/bonny/.m2/repository/org/hibernate/hibernate-search/3.0.0.GA/hibernate-search-3.0.0.GA.jar:/home/bonny/.m2/repository/org/springframework/spring-webmvc/3.0.1.RELEASE/spring-webmvc-3.0.1.RELEASE.jar:/home/bonny/.m2/repository/org/springframework/spring-web/3.0.1.RELEASE/spring-web-3.0.1.RELEASE.jar:/home/bonny/.m2/repository/org/springframework/spring-context/3.0.1.RELEASE/spring-context-3.0.1.RELEASE.jar:/home/bonny/.m2/repository/org/springframework/spring-core/3.0.1.RELEASE/spring-core-3.0.1.RELEASE.jar:/home/bonny/.m2/repository/org/springframework/spring-beans/3.0.1.RELEASE/spring-beans-3.0.1.RELEASE.jar:/home/bonny/.m2/repository/org/springframework/spring-aop/3.0.1.RELEASE/spring-aop-3.0.1.RELEASE.jar:/home/bonny/.m2/repository/org/springframework/spring-tx/3.0.1.RELEASE/spring-tx-3.0.1.RELEASE.jar:/home/bonny/.m2/repository/org/springframework/spring-orm/3.0.1.RELEASE/spring-orm-3.0.1.RELEASE.jar:/home/bonny/.m2/repository/org/springframework/spring-jdbc/3.0.1.RELEASE/spring-jdbc-3.0.1.RELEASE.jar:/home/bonny/.m2/repository/org/springframework/spring-expression/3.0.1.RELEASE/spring-expression-3.0.1.RELEASE.jar:/home/bonny/.m2/repository/org/springframework/spring-asm/3.0.1.RELEASE/spring-asm-3.0.1.RELEASE.jar:/home/bonny/.m2/repository/junit/junit/4.13.2/junit-4.13.2.jar:/home/bonny/.m2/repository/org/hamcrest/hamcrest-core/1.3/hamcrest-core-1.3.jar:/home/bonny/.m2/repository/org/openclover/clover/4.5.2/clover-4.5.2.jar:/tmp/grover11944148108710105810.jar:"/>
    <property name="sun.cpu.endian" value="little"/>
    <property name="user.home" value="/home/bonny"/>
    <property name="user.language" value="en"/>
    <property name="java.specification.vendor" value="Oracle Corporation"/>
    <property name="java.version.date" value="2025-07-15"/>
    <property name="java.home" value="/usr/lib/jvm/java-21-openjdk-amd64"/>
    <property name="file.separator" value="/"/>
    <property name="basedir" value="/home/bonny/AWS/Spring3Hibernate_App"/>
    <property name="java.vm.compressedOopsMode" value="32-bit"/>
    <property name="line.separator" value="&#10;"/>
    <property name="java.specification.name" value="Java Platform API Specification"/>
    <property name="java.vm.specification.vendor" value="Oracle Corporation"/>
    <property name="surefire.real.class.path" value="/home/bonny/AWS/Spring3Hibernate_App/target/surefire/surefirebooter14190287673998050470.jar"/>
    <property name="sun.management.compiler" value="HotSpot 64-Bit Tiered Compilers"/>
    <property name="java.runtime.version" value="21.0.8+9-Ubuntu-0ubuntu124.04.1"/>
    <property name="user.name" value="bonny"/>
    <property name="stdout.encoding" value="UTF-8"/>
    <property name="path.separator" value=":"/>
    <property name="os.version" value="6.11.0-29-generic"/>
    <property name="java.runtime.name" value="OpenJDK Runtime Environment"/>
    <property name="file.encoding" value="UTF-8"/>
    <property name="java.vm.name" value="OpenJDK 64-Bit Server VM"/>
    <property name="localRepository" value="/home/bonny/.m2/repository"/>
    <property name="java.vendor.url.bug" value="https://bugs.launchpad.net/ubuntu/+source/openjdk-21"/>
    <property name="java.io.tmpdir" value="/tmp"/>
    <property name="java.version" value="21.0.8"/>
    <property name="user.dir" value="/home/bonny/AWS/Spring3Hibernate_App"/>
    <property name="os.arch" value="amd64"/>
    <property name="java.vm.specification.name" value="Java Virtual Machine Specification"/>
    <property name="native.encoding" value="UTF-8"/>
    <property name="java.library.path" value="/usr/lib/jvm/java-21-openjdk-amd64/lib::/usr/java/packages/lib:/usr/lib/x86_64-linux-gnu/jni:/lib/x86_64-linux-gnu:/usr/lib/x86_64-linux-gnu:/usr/lib/jni:/lib:/usr/lib"/>
    <property name="java.vm.info" value="mixed mode, sharing"/>
    <property name="stderr.encoding" value="UTF-8"/>
    <property name="java.vendor" value="Ubuntu"/>
    <property name="java.vm.version" value="21.0.8+9-Ubuntu-0ubuntu124.04.1"/>
    <property name="sun.io.unicode.encoding" value="UnicodeLittle"/>
    <property name="java.class.version" value="65.0"/>
  </properties>
  <testcase name="testEmployeeNotAvailable" classname="com.sample.service.EmployeeServiceImplTest" time="0.148"/>
  <testcase name="testEmployeeAvailable" classname="com.sample.service.EmployeeServiceImplTest" time="0.001"/>
</testsuite>